Hmm ... looks like a package
This is pdfTeX, Version 3.14159265-2.6-1.40.20 (TeX Live 2019/W32TeX) (preloaded format=pdflatex)
 restricted \write18 enabled.
entering extended mode
(./Rd2.tex
LaTeX2e <2018-12-01>

(c:/Users/chris/AppData/Roaming/TinyTeX/texmf-dist/tex/latex/base/book.cls
Document Class: book 2018/09/03 v1.4i Standard LaTeX document class
(c:/Users/chris/AppData/Roaming/TinyTeX/texmf-dist/tex/latex/base/bk10.clo))
(c:/Program Files/R/R-3.6.0/share/texmf/tex/latex/Rd.sty
(c:/Users/chris/AppData/Roaming/TinyTeX/texmf-dist/tex/latex/base/ifthen.sty)
(c:/Users/chris/AppData/Roaming/TinyTeX/texmf-dist/tex/latex/tools/longtable.st
y) (c:/Users/chris/AppData/Roaming/TinyTeX/texmf-dist/tex/latex/tools/bm.sty)
(c:/Users/chris/AppData/Roaming/TinyTeX/texmf-dist/tex/latex/base/alltt.sty)
(c:/Users/chris/AppData/Roaming/TinyTeX/texmf-dist/tex/latex/tools/verbatim.sty
) (c:/Users/chris/AppData/Roaming/TinyTeX/texmf-dist/tex/latex/url/url.sty)
(c:/Users/chris/AppData/Roaming/TinyTeX/texmf-dist/tex/latex/base/textcomp.sty
(c:/Users/chris/AppData/Roaming/TinyTeX/texmf-dist/tex/latex/base/ts1enc.def
(c:/Users/chris/AppData/Roaming/TinyTeX/texmf-dist/tex/latex/base/ts1enc.dfu)))

(c:/Users/chris/AppData/Roaming/TinyTeX/texmf-dist/tex/latex/inconsolata/zi4.st
y `inconsolata-zi4' v1.12, 2019/05/17 Text macros for Inconsolata (msharpe)
(c:/Users/chris/AppData/Roaming/TinyTeX/texmf-dist/tex/latex/xkeyval/xkeyval.st
y
(c:/Users/chris/AppData/Roaming/TinyTeX/texmf-dist/tex/generic/xkeyval/xkeyval.
tex
(c:/Users/chris/AppData/Roaming/TinyTeX/texmf-dist/tex/generic/xkeyval/xkvutils
.tex
(c:/Users/chris/AppData/Roaming/TinyTeX/texmf-dist/tex/generic/xkeyval/keyval.t
ex)))))
(c:/Users/chris/AppData/Roaming/TinyTeX/texmf-dist/tex/latex/graphics/color.sty

(c:/Users/chris/AppData/Roaming/TinyTeX/texmf-dist/tex/latex/graphics-cfg/color
.cfg)
(c:/Users/chris/AppData/Roaming/TinyTeX/texmf-dist/tex/latex/graphics-def/pdfte
x.def))
(c:/Users/chris/AppData/Roaming/TinyTeX/texmf-dist/tex/latex/hyperref/hyperref.
sty
(c:/Users/chris/AppData/Roaming/TinyTeX/texmf-dist/tex/generic/oberdiek/hobsub-
hyperref.sty
(c:/Users/chris/AppData/Roaming/TinyTeX/texmf-dist/tex/generic/oberdiek/hobsub-
generic.sty))
(c:/Users/chris/AppData/Roaming/TinyTeX/texmf-dist/tex/generic/ifxetex/ifxetex.
sty)
(c:/Users/chris/AppData/Roaming/TinyTeX/texmf-dist/tex/latex/oberdiek/auxhook.s
ty)
(c:/Users/chris/AppData/Roaming/TinyTeX/texmf-dist/tex/latex/oberdiek/kvoptions
.sty)
(c:/Users/chris/AppData/Roaming/TinyTeX/texmf-dist/tex/latex/hyperref/pd1enc.de
f)
(c:/Users/chris/AppData/Roaming/TinyTeX/texmf-dist/tex/latex/latexconfig/hyperr
ef.cfg))
(c:/Users/chris/AppData/Roaming/TinyTeX/texmf-dist/tex/latex/hyperref/hpdftex.d
ef
(c:/Users/chris/AppData/Roaming/TinyTeX/texmf-dist/tex/latex/oberdiek/rerunfile
check.sty))

Package hyperref Warning: Option `hyperindex' has already been used,
(hyperref)                setting the option has no effect on input line 377.


Package hyperref Warning: Option `pagebackref' has already been used,
(hyperref)                setting the option has no effect on input line 377.

) (c:/Users/chris/AppData/Roaming/TinyTeX/texmf-dist/tex/latex/base/makeidx.sty
)
(c:/Users/chris/AppData/Roaming/TinyTeX/texmf-dist/tex/latex/base/inputenc.sty)
Writing index file Rd2.idx
No file Rd2.aux.
(c:/Users/chris/AppData/Roaming/TinyTeX/texmf-dist/tex/latex/base/ts1cmr.fd)
(c:/Users/chris/AppData/Roaming/TinyTeX/texmf-dist/tex/latex/hyperref/nameref.s
ty
(c:/Users/chris/AppData/Roaming/TinyTeX/texmf-dist/tex/generic/oberdiek/gettitl
estring.sty))
(c:/Users/chris/AppData/Roaming/TinyTeX/texmf-dist/tex/latex/inconsolata/ot1zi4
.fd)

LaTeX Font Warning: Font shape `OML/zi4/m/n' undefined
(Font)              using `OML/cmm/m/it' instead
(Font)              for symbol `textless' on input line 22.

[1{c:/Users/chris/AppData/Roaming/TinyTeX/texmf-var/fonts/map/pdftex/updmap/pdf
tex.map}] [2]
Overfull \hbox (11.23795pt too wide) in paragraph at lines 158--158
 []\OT1/zi4/m/n/9 computeAUC(D=c(0.1, 0.5, 0.7, 0.9), pars=c(0.2, 0.1), lower =
 0, upper = 4) # Returns 0.7039296[] 
[3]
(c:/Users/chris/AppData/Roaming/TinyTeX/texmf-dist/tex/latex/inconsolata/ts1zi4
.fd) [4] [5]
Overfull \hbox (47.13498pt too wide) in paragraph at lines 280--285
\OT1/cmr/m/n/10 bi-na-tion of ic50[]published, auc[]published, auc[]recomputed 
and auc[]recomputed[]star.
[6]
Overfull \hbox (0.90334pt too wide) in paragraph at lines 363--364
[]\OT1/cmr/m/n/10 should sur-vival frac-tions be trun-cated down-ward to 1? De-
faults to FALSE. 
[7] [8] [9] [10] [11] [12] [13] [14] [15]
Overfull \hbox (3.76862pt too wide) in paragraph at lines 988--988
 []\OT1/zi4/m/n/9 phenoInfo(Cleveland_small, mDataType="rna") <- phenoInfo(Clev
eland_small, mDataType="rna")[] 
[16] [17] [18] [19] [20] [21] [22]
Overfull \hbox (18.77168pt too wide) in paragraph at lines 1399--1399
 []\OT1/zi4/m/n/9 GDSCauc <- summarizeSensitivityProfiles(Cleveland_small, sens
itivity.measure=\TS1/zi4/m/n/9 '\OT1/zi4/m/n/9 AUC_published\TS1/zi4/m/n/9 '\OT
1/zi4/m/n/9 )[] 
[23]
No file Rd2.ind.
[24] (./Rd2.aux)This is METAFONT, Version 2.7182818 (TeX Live 2019/W32TeX) (preloaded base=mf)


(c:/Users/chris/AppData/Roaming/TinyTeX/texmf-dist/fonts/source/jknappen/ec/tcr
m1000.mf
(c:/Users/chris/AppData/Roaming/TinyTeX/texmf-dist/fonts/source/jknappen/ec/exb
ase.mf)
(c:/Users/chris/AppData/Roaming/TinyTeX/texmf-dist/fonts/source/jknappen/ec/tcr
m.mf
(c:/Users/chris/AppData/Roaming/TinyTeX/texmf-dist/fonts/source/jknappen/ec/txs
ymb.mf
 Ok
(c:/Users/chris/AppData/Roaming/TinyTeX/texmf-dist/fonts/source/jknappen/ec/exa
ccess.mf
 Ok)
(c:/Users/chris/AppData/Roaming/TinyTeX/texmf-dist/fonts/source/jknappen/ec/txp
seudo.mf
 Ok)
(c:/Users/chris/AppData/Roaming/TinyTeX/texmf-dist/fonts/source/jknappen/ec/txa
ccent.mf
 Ok [0] [1] [2] [3] [4] [5] [6] [7] [8] [9] [10] [11] [12] [27] [29])
(c:/Users/chris/AppData/Roaming/TinyTeX/texmf-dist/fonts/source/jknappen/ec/txg
en.mf
 Ok [100] [109] [98] [99] [108])
(c:/Users/chris/AppData/Roaming/TinyTeX/texmf-dist/fonts/source/jknappen/ec/txs
ymbol.mf
 Ok [13] [18] [21] [22] [23] [24] [25] [26] [28] [31] [32] [36] [39] [44]
[45] [46] [42] [47] [60] [61] [62] [77] [79] [87] [110] [91] [93] [94] [95]
[96] [126] [127] [128] [129] [130] [131] [132] [133] [134] [135] [136] [137]
[138] [139] [140] [141] [142] [143] [144] [145] [146] [147] [148] [149]
[150] [151] [152] [153] [154] [155] [156] [157] [158] [159] [160] [161]
[162] [163] [164] [165] [166] [167] [168] [169] [171] [172] [173] [174]
[175] [177] [176] [180] [181] [182] [183] [184] [187] [191] [214] [246])
(c:/Users/chris/AppData/Roaming/TinyTeX/texmf-dist/fonts/source/jknappen/ec/txr
omod.mf
 Ok [48] [49] [50] [51] [52] [53] [54] [55] [56] [57])
(c:/Users/chris/AppData/Roaming/TinyTeX/texmf-dist/fonts/source/jknappen/ec/txr
super.mf
 Ok [185] [178] [179] [170] [186])
(c:/Users/chris/AppData/Roaming/TinyTeX/texmf-dist/fonts/source/jknappen/ec/txr
fract.mf
 Ok [188] [189] [190]) ) ) )
(some charht values had to be adjusted by as much as 0.06943pt)
Font metrics written on tcrm1000.tfm.
Output written on tcrm1000.600gf (128 characters, 23548 bytes).
Transcript written on tcrm1000.log.
mf-nowin.exe --progname=mf --base=mf \mode:=ljfour; \mag:=1+0/600; nonstopmode; input tcrm1000;
gftopk.exe tcrm1000.600gf tcrm1000.600pk
mktexupd failed


Package rerunfilecheck Warning: File `Rd2.out' has changed.
(rerunfilecheck)                Rerun to get outlines right
(rerunfilecheck)                or use package `bookmark'.


LaTeX Font Warning: Some font shapes were not available, defaults substituted.

 )
(see the transcript file for additional information) <c:/Users/chris/.TinyTeX/t
exmf-var/fonts/pk/ljfour/jknappen/ec/tcrm1000.600pk>{c:/Users/chris/AppData/Roa
ming/TinyTeX/texmf-dist/fonts/enc/dvips/inconsolata/i4-ts1.enc}{c:/Users/chris/
AppData/Roaming/TinyTeX/texmf-dist/fonts/enc/dvips/inconsolata/i4-ot1-0.enc}<c:
/Users/chris/AppData/Roaming/TinyTeX/texmf-dist/fonts/type1/public/inconsolata/
Inconsolata-zi4r.pfb><c:/Users/chris/AppData/Roaming/TinyTeX/texmf-dist/fonts/t
ype1/public/amsfonts/cm/cmbx10.pfb><c:/Users/chris/AppData/Roaming/TinyTeX/texm
f-dist/fonts/type1/public/amsfonts/cm/cmbx12.pfb><c:/Users/chris/AppData/Roamin
g/TinyTeX/texmf-dist/fonts/type1/public/amsfonts/cm/cmmi10.pfb><c:/Users/chris/
AppData/Roaming/TinyTeX/texmf-dist/fonts/type1/public/amsfonts/cm/cmr10.pfb><c:
/Users/chris/AppData/Roaming/TinyTeX/texmf-dist/fonts/type1/public/amsfonts/cm/
cmr12.pfb><c:/Users/chris/AppData/Roaming/TinyTeX/texmf-dist/fonts/type1/public
/amsfonts/cm/cmsl10.pfb><c:/Users/chris/AppData/Roaming/TinyTeX/texmf-dist/font
s/type1/public/amsfonts/cm/cmss12.pfb><c:/Users/chris/AppData/Roaming/TinyTeX/t
exmf-dist/fonts/type1/public/amsfonts/cm/cmti10.pfb>
Output written on Rd2.pdf (24 pages, 173116 bytes).
Transcript written on Rd2.log.

kpathsea: Running mktexpk --mfmode / --bdpi 600 --mag 1+0/600 --dpi 600 tcrm1000

The command name is C:\Users\chris\AppData\Roaming\TinyTeX\bin\win32\mktexpk
This is makeindex, version 2.15 [TeX Live 2019/W32TeX] (kpathsea + Thai support).
Scanning input file Rd2.idx....done (54 entries accepted, 0 rejected).
Sorting entries....done (371 comparisons).
Generating output file Rd2.ind....done (111 lines written, 0 warnings).
Output written in Rd2.ind.
Transcript written in Rd2.ilg.
This is pdfTeX, Version 3.14159265-2.6-1.40.20 (TeX Live 2019/W32TeX) (preloaded format=pdflatex)
 restricted \write18 enabled.
entering extended mode
(./Rd2.tex
LaTeX2e <2018-12-01>

(c:/Users/chris/AppData/Roaming/TinyTeX/texmf-dist/tex/latex/base/book.cls
Document Class: book 2018/09/03 v1.4i Standard LaTeX document class
(c:/Users/chris/AppData/Roaming/TinyTeX/texmf-dist/tex/latex/base/bk10.clo))
(c:/Program Files/R/R-3.6.0/share/texmf/tex/latex/Rd.sty
(c:/Users/chris/AppData/Roaming/TinyTeX/texmf-dist/tex/latex/base/ifthen.sty)
(c:/Users/chris/AppData/Roaming/TinyTeX/texmf-dist/tex/latex/tools/longtable.st
y) (c:/Users/chris/AppData/Roaming/TinyTeX/texmf-dist/tex/latex/tools/bm.sty)
(c:/Users/chris/AppData/Roaming/TinyTeX/texmf-dist/tex/latex/base/alltt.sty)
(c:/Users/chris/AppData/Roaming/TinyTeX/texmf-dist/tex/latex/tools/verbatim.sty
) (c:/Users/chris/AppData/Roaming/TinyTeX/texmf-dist/tex/latex/url/url.sty)
(c:/Users/chris/AppData/Roaming/TinyTeX/texmf-dist/tex/latex/base/textcomp.sty
(c:/Users/chris/AppData/Roaming/TinyTeX/texmf-dist/tex/latex/base/ts1enc.def
(c:/Users/chris/AppData/Roaming/TinyTeX/texmf-dist/tex/latex/base/ts1enc.dfu)))

(c:/Users/chris/AppData/Roaming/TinyTeX/texmf-dist/tex/latex/inconsolata/zi4.st
y `inconsolata-zi4' v1.12, 2019/05/17 Text macros for Inconsolata (msharpe)
(c:/Users/chris/AppData/Roaming/TinyTeX/texmf-dist/tex/latex/xkeyval/xkeyval.st
y
(c:/Users/chris/AppData/Roaming/TinyTeX/texmf-dist/tex/generic/xkeyval/xkeyval.
tex
(c:/Users/chris/AppData/Roaming/TinyTeX/texmf-dist/tex/generic/xkeyval/xkvutils
.tex
(c:/Users/chris/AppData/Roaming/TinyTeX/texmf-dist/tex/generic/xkeyval/keyval.t
ex)))))
(c:/Users/chris/AppData/Roaming/TinyTeX/texmf-dist/tex/latex/graphics/color.sty

(c:/Users/chris/AppData/Roaming/TinyTeX/texmf-dist/tex/latex/graphics-cfg/color
.cfg)
(c:/Users/chris/AppData/Roaming/TinyTeX/texmf-dist/tex/latex/graphics-def/pdfte
x.def))
(c:/Users/chris/AppData/Roaming/TinyTeX/texmf-dist/tex/latex/hyperref/hyperref.
sty
(c:/Users/chris/AppData/Roaming/TinyTeX/texmf-dist/tex/generic/oberdiek/hobsub-
hyperref.sty
(c:/Users/chris/AppData/Roaming/TinyTeX/texmf-dist/tex/generic/oberdiek/hobsub-
generic.sty))
(c:/Users/chris/AppData/Roaming/TinyTeX/texmf-dist/tex/generic/ifxetex/ifxetex.
sty)
(c:/Users/chris/AppData/Roaming/TinyTeX/texmf-dist/tex/latex/oberdiek/auxhook.s
ty)
(c:/Users/chris/AppData/Roaming/TinyTeX/texmf-dist/tex/latex/oberdiek/kvoptions
.sty)
(c:/Users/chris/AppData/Roaming/TinyTeX/texmf-dist/tex/latex/hyperref/pd1enc.de
f)
(c:/Users/chris/AppData/Roaming/TinyTeX/texmf-dist/tex/latex/latexconfig/hyperr
ef.cfg))
(c:/Users/chris/AppData/Roaming/TinyTeX/texmf-dist/tex/latex/hyperref/hpdftex.d
ef
(c:/Users/chris/AppData/Roaming/TinyTeX/texmf-dist/tex/latex/oberdiek/rerunfile
check.sty))

Package hyperref Warning: Option `hyperindex' has already been used,
(hyperref)                setting the option has no effect on input line 377.


Package hyperref Warning: Option `pagebackref' has already been used,
(hyperref)                setting the option has no effect on input line 377.

) (c:/Users/chris/AppData/Roaming/TinyTeX/texmf-dist/tex/latex/base/makeidx.sty
)
(c:/Users/chris/AppData/Roaming/TinyTeX/texmf-dist/tex/latex/base/inputenc.sty)
Writing index file Rd2.idx
(./Rd2.aux)
(c:/Users/chris/AppData/Roaming/TinyTeX/texmf-dist/tex/latex/base/ts1cmr.fd)
(c:/Users/chris/AppData/Roaming/TinyTeX/texmf-dist/tex/latex/hyperref/nameref.s
ty
(c:/Users/chris/AppData/Roaming/TinyTeX/texmf-dist/tex/generic/oberdiek/gettitl
estring.sty)) (./Rd2.out) (./Rd2.out)
(c:/Users/chris/AppData/Roaming/TinyTeX/texmf-dist/tex/latex/inconsolata/ot1zi4
.fd)

LaTeX Font Warning: Font shape `OML/zi4/m/n' undefined
(Font)              using `OML/cmm/m/it' instead
(Font)              for symbol `textless' on input line 22.

(./Rd2.toc [1{c:/Users/chris/AppData/Roaming/TinyTeX/texmf-var/fonts/map/pdftex
/updmap/pdftex.map}]) [2] [3]
Overfull \hbox (11.23795pt too wide) in paragraph at lines 158--158
 []\OT1/zi4/m/n/9 computeAUC(D=c(0.1, 0.5, 0.7, 0.9), pars=c(0.2, 0.1), lower =
 0, upper = 4) # Returns 0.7039296[] 
[4]
(c:/Users/chris/AppData/Roaming/TinyTeX/texmf-dist/tex/latex/inconsolata/ts1zi4
.fd) [5]
Overfull \hbox (47.13498pt too wide) in paragraph at lines 280--285
\OT1/cmr/m/n/10 bi-na-tion of ic50[]published, auc[]published, auc[]recomputed 
and auc[]recomputed[]star.
[6] [7]
Overfull \hbox (0.90334pt too wide) in paragraph at lines 363--364
[]\OT1/cmr/m/n/10 should sur-vival frac-tions be trun-cated down-ward to 1? De-
faults to FALSE. 
[8] [9] [10] [11] [12] [13]
Underfull \vbox (badness 10000) has occurred while \output is active [14]
[15] [16]
Overfull \hbox (3.76862pt too wide) in paragraph at lines 988--988
 []\OT1/zi4/m/n/9 phenoInfo(Cleveland_small, mDataType="rna") <- phenoInfo(Clev
eland_small, mDataType="rna")[] 
[17] [18] [19] [20] [21] [22] [23]
Overfull \hbox (18.77168pt too wide) in paragraph at lines 1399--1399
 []\OT1/zi4/m/n/9 GDSCauc <- summarizeSensitivityProfiles(Cleveland_small, sens
itivity.measure=\TS1/zi4/m/n/9 '\OT1/zi4/m/n/9 AUC_published\TS1/zi4/m/n/9 '\OT
1/zi4/m/n/9 )[] 
(./Rd2.ind [24] [25]

LaTeX Font Warning: Font shape `OT1/zi4/m/it' undefined
(Font)              using `OT1/zi4/m/n' instead on input line 5.


Overfull \hbox (60.8567pt too wide) in paragraph at lines 39--41
[]\OT1/zi4/m/it/10 featureInfo<-,RadioSet,character,data.frame-method 

Overfull \hbox (25.8567pt too wide) in paragraph at lines 51--53
[]\OT1/zi4/m/it/10 molecularProfiles,RadioSet,character-method 

Overfull \hbox (70.8567pt too wide) in paragraph at lines 53--55
[]\OT1/zi4/m/it/10 molecularProfiles<-,RadioSet,character,matrix-method 

Overfull \hbox (50.8567pt too wide) in paragraph at lines 64--66
[]\OT1/zi4/m/it/10 phenoInfo<-,RadioSet,character,data.frame-method 

Overfull \hbox (20.8567pt too wide) in paragraph at lines 74--76
[]\OT1/zi4/m/it/10 radiationInfo<-,RadioSet,data.frame-method 

Overfull \hbox (20.8567pt too wide) in paragraph at lines 80--82
[]\OT1/zi4/m/it/10 radiationTypes<-,RadioSet,character-method 

Overfull \hbox (30.8567pt too wide) in paragraph at lines 90--92
[]\OT1/zi4/m/it/10 sensitivityInfo<-,RadioSet,data.frame-method 

Overfull \hbox (50.8567pt too wide) in paragraph at lines 96--98
[]\OT1/zi4/m/it/10 sensitivityProfiles<-,RadioSet,data.frame-method 

Overfull \hbox (30.8567pt too wide) in paragraph at lines 98--100
[]\OT1/zi4/m/it/10 sensitivityProfiles<-,RadioSet,matrix-method 
[26] [27]) (./Rd2.aux)

Package rerunfilecheck Warning: File `Rd2.out' has changed.
(rerunfilecheck)                Rerun to get outlines right
(rerunfilecheck)                or use package `bookmark'.


LaTeX Font Warning: Some font shapes were not available, defaults substituted.

 )
(see the transcript file for additional information) <c:/Users/chris/.TinyTeX/t
exmf-var/fonts/pk/ljfour/jknappen/ec/tcrm1000.600pk>{c:/Users/chris/AppData/Roa
ming/TinyTeX/texmf-dist/fonts/enc/dvips/inconsolata/i4-ts1.enc}{c:/Users/chris/
AppData/Roaming/TinyTeX/texmf-dist/fonts/enc/dvips/inconsolata/i4-ot1-0.enc}<c:
/Users/chris/AppData/Roaming/TinyTeX/texmf-dist/fonts/type1/public/inconsolata/
Inconsolata-zi4r.pfb><c:/Users/chris/AppData/Roaming/TinyTeX/texmf-dist/fonts/t
ype1/public/amsfonts/cm/cmbx10.pfb><c:/Users/chris/AppData/Roaming/TinyTeX/texm
f-dist/fonts/type1/public/amsfonts/cm/cmbx12.pfb><c:/Users/chris/AppData/Roamin
g/TinyTeX/texmf-dist/fonts/type1/public/amsfonts/cm/cmmi10.pfb><c:/Users/chris/
AppData/Roaming/TinyTeX/texmf-dist/fonts/type1/public/amsfonts/cm/cmr10.pfb><c:
/Users/chris/AppData/Roaming/TinyTeX/texmf-dist/fonts/type1/public/amsfonts/cm/
cmr12.pfb><c:/Users/chris/AppData/Roaming/TinyTeX/texmf-dist/fonts/type1/public
/amsfonts/cm/cmsl10.pfb><c:/Users/chris/AppData/Roaming/TinyTeX/texmf-dist/font
s/type1/public/amsfonts/cm/cmss12.pfb><c:/Users/chris/AppData/Roaming/TinyTeX/t
exmf-dist/fonts/type1/public/amsfonts/cm/cmsy10.pfb><c:/Users/chris/AppData/Roa
ming/TinyTeX/texmf-dist/fonts/type1/public/amsfonts/cm/cmti10.pfb>
Output written on Rd2.pdf (27 pages, 189163 bytes).
Transcript written on Rd2.log.
This is makeindex, version 2.15 [TeX Live 2019/W32TeX] (kpathsea + Thai support).
Scanning input file Rd2.idx....done (54 entries accepted, 0 rejected).
Sorting entries....done (371 comparisons).
Generating output file Rd2.ind....done (111 lines written, 0 warnings).
Output written in Rd2.ind.
Transcript written in Rd2.ilg.
This is pdfTeX, Version 3.14159265-2.6-1.40.20 (TeX Live 2019/W32TeX) (preloaded format=pdflatex)
 restricted \write18 enabled.
entering extended mode
(./Rd2.tex
LaTeX2e <2018-12-01>

(c:/Users/chris/AppData/Roaming/TinyTeX/texmf-dist/tex/latex/base/book.cls
Document Class: book 2018/09/03 v1.4i Standard LaTeX document class
(c:/Users/chris/AppData/Roaming/TinyTeX/texmf-dist/tex/latex/base/bk10.clo))
(c:/Program Files/R/R-3.6.0/share/texmf/tex/latex/Rd.sty
(c:/Users/chris/AppData/Roaming/TinyTeX/texmf-dist/tex/latex/base/ifthen.sty)
(c:/Users/chris/AppData/Roaming/TinyTeX/texmf-dist/tex/latex/tools/longtable.st
y) (c:/Users/chris/AppData/Roaming/TinyTeX/texmf-dist/tex/latex/tools/bm.sty)
(c:/Users/chris/AppData/Roaming/TinyTeX/texmf-dist/tex/latex/base/alltt.sty)
(c:/Users/chris/AppData/Roaming/TinyTeX/texmf-dist/tex/latex/tools/verbatim.sty
) (c:/Users/chris/AppData/Roaming/TinyTeX/texmf-dist/tex/latex/url/url.sty)
(c:/Users/chris/AppData/Roaming/TinyTeX/texmf-dist/tex/latex/base/textcomp.sty
(c:/Users/chris/AppData/Roaming/TinyTeX/texmf-dist/tex/latex/base/ts1enc.def
(c:/Users/chris/AppData/Roaming/TinyTeX/texmf-dist/tex/latex/base/ts1enc.dfu)))

(c:/Users/chris/AppData/Roaming/TinyTeX/texmf-dist/tex/latex/inconsolata/zi4.st
y `inconsolata-zi4' v1.12, 2019/05/17 Text macros for Inconsolata (msharpe)
(c:/Users/chris/AppData/Roaming/TinyTeX/texmf-dist/tex/latex/xkeyval/xkeyval.st
y
(c:/Users/chris/AppData/Roaming/TinyTeX/texmf-dist/tex/generic/xkeyval/xkeyval.
tex
(c:/Users/chris/AppData/Roaming/TinyTeX/texmf-dist/tex/generic/xkeyval/xkvutils
.tex
(c:/Users/chris/AppData/Roaming/TinyTeX/texmf-dist/tex/generic/xkeyval/keyval.t
ex)))))
(c:/Users/chris/AppData/Roaming/TinyTeX/texmf-dist/tex/latex/graphics/color.sty

(c:/Users/chris/AppData/Roaming/TinyTeX/texmf-dist/tex/latex/graphics-cfg/color
.cfg)
(c:/Users/chris/AppData/Roaming/TinyTeX/texmf-dist/tex/latex/graphics-def/pdfte
x.def))
(c:/Users/chris/AppData/Roaming/TinyTeX/texmf-dist/tex/latex/hyperref/hyperref.
sty
(c:/Users/chris/AppData/Roaming/TinyTeX/texmf-dist/tex/generic/oberdiek/hobsub-
hyperref.sty
(c:/Users/chris/AppData/Roaming/TinyTeX/texmf-dist/tex/generic/oberdiek/hobsub-
generic.sty))
(c:/Users/chris/AppData/Roaming/TinyTeX/texmf-dist/tex/generic/ifxetex/ifxetex.
sty)
(c:/Users/chris/AppData/Roaming/TinyTeX/texmf-dist/tex/latex/oberdiek/auxhook.s
ty)
(c:/Users/chris/AppData/Roaming/TinyTeX/texmf-dist/tex/latex/oberdiek/kvoptions
.sty)
(c:/Users/chris/AppData/Roaming/TinyTeX/texmf-dist/tex/latex/hyperref/pd1enc.de
f)
(c:/Users/chris/AppData/Roaming/TinyTeX/texmf-dist/tex/latex/latexconfig/hyperr
ef.cfg))
(c:/Users/chris/AppData/Roaming/TinyTeX/texmf-dist/tex/latex/hyperref/hpdftex.d
ef
(c:/Users/chris/AppData/Roaming/TinyTeX/texmf-dist/tex/latex/oberdiek/rerunfile
check.sty))

Package hyperref Warning: Option `hyperindex' has already been used,
(hyperref)                setting the option has no effect on input line 377.


Package hyperref Warning: Option `pagebackref' has already been used,
(hyperref)                setting the option has no effect on input line 377.

) (c:/Users/chris/AppData/Roaming/TinyTeX/texmf-dist/tex/latex/base/makeidx.sty
)
(c:/Users/chris/AppData/Roaming/TinyTeX/texmf-dist/tex/latex/base/inputenc.sty)
Writing index file Rd2.idx
(./Rd2.aux)
(c:/Users/chris/AppData/Roaming/TinyTeX/texmf-dist/tex/latex/base/ts1cmr.fd)
(c:/Users/chris/AppData/Roaming/TinyTeX/texmf-dist/tex/latex/hyperref/nameref.s
ty
(c:/Users/chris/AppData/Roaming/TinyTeX/texmf-dist/tex/generic/oberdiek/gettitl
estring.sty)) (./Rd2.out) (./Rd2.out)
(c:/Users/chris/AppData/Roaming/TinyTeX/texmf-dist/tex/latex/inconsolata/ot1zi4
.fd)

LaTeX Font Warning: Font shape `OML/zi4/m/n' undefined
(Font)              using `OML/cmm/m/it' instead
(Font)              for symbol `textless' on input line 22.

(./Rd2.toc [1{c:/Users/chris/AppData/Roaming/TinyTeX/texmf-var/fonts/map/pdftex
/updmap/pdftex.map}]) [2] [3]
Overfull \hbox (11.23795pt too wide) in paragraph at lines 158--158
 []\OT1/zi4/m/n/9 computeAUC(D=c(0.1, 0.5, 0.7, 0.9), pars=c(0.2, 0.1), lower =
 0, upper = 4) # Returns 0.7039296[] 
[4]
(c:/Users/chris/AppData/Roaming/TinyTeX/texmf-dist/tex/latex/inconsolata/ts1zi4
.fd) [5]
Overfull \hbox (47.13498pt too wide) in paragraph at lines 280--285
\OT1/cmr/m/n/10 bi-na-tion of ic50[]published, auc[]published, auc[]recomputed 
and auc[]recomputed[]star.
[6] [7]
Overfull \hbox (0.90334pt too wide) in paragraph at lines 363--364
[]\OT1/cmr/m/n/10 should sur-vival frac-tions be trun-cated down-ward to 1? De-
faults to FALSE. 
[8] [9] [10] [11] [12] [13]
Underfull \vbox (badness 10000) has occurred while \output is active [14]
[15] [16]
Overfull \hbox (3.76862pt too wide) in paragraph at lines 988--988
 []\OT1/zi4/m/n/9 phenoInfo(Cleveland_small, mDataType="rna") <- phenoInfo(Clev
eland_small, mDataType="rna")[] 
[17] [18] [19] [20] [21] [22] [23]
Overfull \hbox (18.77168pt too wide) in paragraph at lines 1399--1399
 []\OT1/zi4/m/n/9 GDSCauc <- summarizeSensitivityProfiles(Cleveland_small, sens
itivity.measure=\TS1/zi4/m/n/9 '\OT1/zi4/m/n/9 AUC_published\TS1/zi4/m/n/9 '\OT
1/zi4/m/n/9 )[] 
(./Rd2.ind [24] [25]

LaTeX Font Warning: Font shape `OT1/zi4/m/it' undefined
(Font)              using `OT1/zi4/m/n' instead on input line 5.


Overfull \hbox (60.8567pt too wide) in paragraph at lines 39--41
[]\OT1/zi4/m/it/10 featureInfo<-,RadioSet,character,data.frame-method 

Overfull \hbox (25.8567pt too wide) in paragraph at lines 51--53
[]\OT1/zi4/m/it/10 molecularProfiles,RadioSet,character-method 

Overfull \hbox (70.8567pt too wide) in paragraph at lines 53--55
[]\OT1/zi4/m/it/10 molecularProfiles<-,RadioSet,character,matrix-method 

Overfull \hbox (50.8567pt too wide) in paragraph at lines 64--66
[]\OT1/zi4/m/it/10 phenoInfo<-,RadioSet,character,data.frame-method 

Overfull \hbox (20.8567pt too wide) in paragraph at lines 74--76
[]\OT1/zi4/m/it/10 radiationInfo<-,RadioSet,data.frame-method 

Overfull \hbox (20.8567pt too wide) in paragraph at lines 80--82
[]\OT1/zi4/m/it/10 radiationTypes<-,RadioSet,character-method 

Overfull \hbox (30.8567pt too wide) in paragraph at lines 90--92
[]\OT1/zi4/m/it/10 sensitivityInfo<-,RadioSet,data.frame-method 

Overfull \hbox (50.8567pt too wide) in paragraph at lines 96--98
[]\OT1/zi4/m/it/10 sensitivityProfiles<-,RadioSet,data.frame-method 

Overfull \hbox (30.8567pt too wide) in paragraph at lines 98--100
[]\OT1/zi4/m/it/10 sensitivityProfiles<-,RadioSet,matrix-method 
[26] [27]) (./Rd2.aux)

LaTeX Font Warning: Some font shapes were not available, defaults substituted.

 )
(see the transcript file for additional information) <c:/Users/chris/.TinyTeX/t
exmf-var/fonts/pk/ljfour/jknappen/ec/tcrm1000.600pk>{c:/Users/chris/AppData/Roa
ming/TinyTeX/texmf-dist/fonts/enc/dvips/inconsolata/i4-ts1.enc}{c:/Users/chris/
AppData/Roaming/TinyTeX/texmf-dist/fonts/enc/dvips/inconsolata/i4-ot1-0.enc}<c:
/Users/chris/AppData/Roaming/TinyTeX/texmf-dist/fonts/type1/public/inconsolata/
Inconsolata-zi4r.pfb><c:/Users/chris/AppData/Roaming/TinyTeX/texmf-dist/fonts/t
ype1/public/amsfonts/cm/cmbx10.pfb><c:/Users/chris/AppData/Roaming/TinyTeX/texm
f-dist/fonts/type1/public/amsfonts/cm/cmbx12.pfb><c:/Users/chris/AppData/Roamin
g/TinyTeX/texmf-dist/fonts/type1/public/amsfonts/cm/cmmi10.pfb><c:/Users/chris/
AppData/Roaming/TinyTeX/texmf-dist/fonts/type1/public/amsfonts/cm/cmr10.pfb><c:
/Users/chris/AppData/Roaming/TinyTeX/texmf-dist/fonts/type1/public/amsfonts/cm/
cmr12.pfb><c:/Users/chris/AppData/Roaming/TinyTeX/texmf-dist/fonts/type1/public
/amsfonts/cm/cmsl10.pfb><c:/Users/chris/AppData/Roaming/TinyTeX/texmf-dist/font
s/type1/public/amsfonts/cm/cmss12.pfb><c:/Users/chris/AppData/Roaming/TinyTeX/t
exmf-dist/fonts/type1/public/amsfonts/cm/cmsy10.pfb><c:/Users/chris/AppData/Roa
ming/TinyTeX/texmf-dist/fonts/type1/public/amsfonts/cm/cmti10.pfb>
Output written on Rd2.pdf (27 pages, 189686 bytes).
Transcript written on Rd2.log.
Saving output to 'RadioGx-manual.pdf' ...
Done
You may want to clean up by 'rm -Rf C:/Users/chris/AppData/Local/Temp/RtmpSKzvER/Rd2pdf32e03f15233c'
